2020-02-14 18:54:35.421 +0800	INFO	org.springframework.boot.StartupInfoLogger	55	restartedMain	Starting BasicServerApplication on LAPTOP-H3L9NKLJ with PID 7700 (D:\JavaWork\LearnDemo\bootsecuritybasic\bootsecuritybasic-master\basic-server\target\classes started by 11268 in D:\JavaWork\LearnDemo\bootsecuritybasic\bootsecuritybasic-master\basic-server)
2020-02-14 18:54:35.428 +0800	INFO	org.springframework.boot.SpringApplication	655	restartedMain	The following profiles are active: dev
2020-02-14 18:54:35.458 +0800	INFO	org.springframework.boot.logging.DeferredLog	225	restartedMain	Devtools property defaults active! Set 'spring.devtools.add-properties' to 'false' to disable
2020-02-14 18:54:35.458 +0800	INFO	org.springframework.boot.logging.DeferredLog	225	restartedMain	For additional web related logging consider setting the 'logging.level.web' property to 'DEBUG'
2020-02-14 18:54:35.968 +0800	WARN	org.mybatis.spring.mapper.ClassPathMapperScanner	166	restartedMain	No MyBatis mapper was found in '[com.zimug.basicserver]' package. Please check your configuration.
2020-02-14 18:54:36.205 +0800	INFO	org.springframework.context.support.PostProcessorRegistrationDelegate$BeanPostProcessorChecker	330	restartedMain	Bean 'org.springframework.transaction.annotation.ProxyTransactionManagementConfiguration' of type [org.springframework.transaction.annotation.ProxyTransactionManagementConfiguration] is not eligible for getting processed by all BeanPostProcessors (for example: not eligible for auto-proxying)
2020-02-14 18:54:36.578 +0800	INFO	org.springframework.boot.web.embedded.tomcat.TomcatWebServer	92	restartedMain	Tomcat initialized with port(s): 8888 (http)
2020-02-14 18:54:36.585 +0800	INFO	org.apache.juli.logging.DirectJDKLog	173	restartedMain	Initializing ProtocolHandler ["http-nio-8888"]
2020-02-14 18:54:36.585 +0800	INFO	org.apache.juli.logging.DirectJDKLog	173	restartedMain	Starting service [Tomcat]
2020-02-14 18:54:36.586 +0800	INFO	org.apache.juli.logging.DirectJDKLog	173	restartedMain	Starting Servlet engine: [Apache Tomcat/9.0.30]
2020-02-14 18:54:36.666 +0800	INFO	org.apache.juli.logging.DirectJDKLog	173	restartedMain	Initializing Spring embedded WebApplicationContext
2020-02-14 18:54:36.666 +0800	INFO	org.springframework.boot.web.servlet.context.ServletWebServerApplicationContext	284	restartedMain	Root WebApplicationContext: initialization completed in 1208 ms
2020-02-14 18:54:36.954 +0800	INFO	org.dozer.config.GlobalSettings	113	restartedMain	Trying to find Dozer configuration file: dozer.properties
2020-02-14 18:54:36.958 +0800	WARN	org.dozer.config.GlobalSettings	118	restartedMain	Dozer configuration file not found: dozer.properties.  Using defaults for all Dozer global properties.
2020-02-14 18:54:36.959 +0800	INFO	org.dozer.DozerInitializer	70	restartedMain	Initializing Dozer. Version: 5.4.0, Thread Name: restartedMain
2020-02-14 18:54:36.961 +0800	INFO	org.dozer.jmx.JMXPlatformImpl	66	restartedMain	Dozer JMX MBean [org.dozer.jmx:type=DozerStatisticsController] auto registered with the Platform MBean Server
2020-02-14 18:54:36.961 +0800	INFO	org.dozer.jmx.JMXPlatformImpl	66	restartedMain	Dozer JMX MBean [org.dozer.jmx:type=DozerAdminController] auto registered with the Platform MBean Server
2020-02-14 18:54:36.963 +0800	INFO	org.dozer.DozerBeanMapper	175	restartedMain	Initializing a new instance of dozer bean mapper.
2020-02-14 18:54:37.044 +0800	INFO	org.springframework.scheduling.concurrent.ExecutorConfigurationSupport	171	restartedMain	Initializing ExecutorService 'applicationTaskExecutor'
2020-02-14 18:54:37.077 +0800	INFO	org.springframework.boot.devtools.autoconfigure.OptionalLiveReloadServer	58	restartedMain	LiveReload server is running on port 35729
2020-02-14 18:54:37.097 +0800	INFO	org.springframework.boot.autoconfigure.web.servlet.WelcomePageHandlerMapping	58	restartedMain	Adding welcome page template: index
2020-02-14 18:54:37.636 +0800	INFO	org.springframework.security.web.DefaultSecurityFilterChain	43	restartedMain	Creating filter chain: Ant [pattern='/css/**'], []
2020-02-14 18:54:37.636 +0800	INFO	org.springframework.security.web.DefaultSecurityFilterChain	43	restartedMain	Creating filter chain: Ant [pattern='/fonts/**'], []
2020-02-14 18:54:37.636 +0800	INFO	org.springframework.security.web.DefaultSecurityFilterChain	43	restartedMain	Creating filter chain: Ant [pattern='/img/**'], []
2020-02-14 18:54:37.636 +0800	INFO	org.springframework.security.web.DefaultSecurityFilterChain	43	restartedMain	Creating filter chain: Ant [pattern='/js/**'], []
2020-02-14 18:54:37.668 +0800	INFO	org.springframework.security.web.DefaultSecurityFilterChain	43	restartedMain	Creating filter chain: any request, [org.springframework.security.web.context.request.async.WebAsyncManagerIntegrationFilter@435fc716, org.springframework.security.web.context.SecurityContextPersistenceFilter@2262a082, org.springframework.security.web.header.HeaderWriterFilter@3bce4137, org.springframework.security.web.authentication.logout.LogoutFilter@104e1b80, org.springframework.security.web.authentication.UsernamePasswordAuthenticationFilter@4fd00b93, org.springframework.security.web.session.ConcurrentSessionFilter@23f32b79, org.springframework.security.web.savedrequest.RequestCacheAwareFilter@28e7985e, org.springframework.security.web.servletapi.SecurityContextHolderAwareRequestFilter@2acebc67, org.springframework.security.web.authentication.AnonymousAuthenticationFilter@e47ef28, org.springframework.security.web.session.SessionManagementFilter@1871163e, org.springframework.security.web.access.ExceptionTranslationFilter@60942950, org.springframework.security.web.access.intercept.FilterSecurityInterceptor@782f3d05]
2020-02-14 18:54:37.715 +0800	INFO	springfox.documentation.spring.web.plugins.DocumentationPluginsBootstrapper	120	restartedMain	Context refreshed
2020-02-14 18:54:37.724 +0800	INFO	springfox.documentation.spring.web.plugins.DocumentationPluginsBootstrapper	123	restartedMain	Found 1 custom documentation plugin(s)
2020-02-14 18:54:37.732 +0800	INFO	springfox.documentation.spring.web.scanners.ApiListingReferenceScanner	41	restartedMain	Scanning for api listing references
2020-02-14 18:54:37.745 +0800	INFO	org.apache.juli.logging.DirectJDKLog	173	restartedMain	Starting ProtocolHandler ["http-nio-8888"]
2020-02-14 18:54:37.760 +0800	INFO	org.springframework.boot.web.embedded.tomcat.TomcatWebServer	204	restartedMain	Tomcat started on port(s): 8888 (http) with context path ''
2020-02-14 18:54:37.762 +0800	INFO	org.springframework.boot.StartupInfoLogger	61	restartedMain	Started BasicServerApplication in 2.621 seconds (JVM running for 3.996)
2020-02-14 18:54:47.887 +0800	INFO	org.apache.juli.logging.DirectJDKLog	173	http-nio-8888-exec-2	Initializing Spring DispatcherServlet 'dispatcherServlet'
2020-02-14 18:54:47.887 +0800	INFO	org.springframework.web.servlet.FrameworkServlet	525	http-nio-8888-exec-2	Initializing Servlet 'dispatcherServlet'
2020-02-14 18:54:47.893 +0800	INFO	org.springframework.web.servlet.FrameworkServlet	547	http-nio-8888-exec-2	Completed initialization in 4 ms
2020-02-14 18:55:12.078 +0800	INFO	org.springframework.boot.StartupInfoLogger	55	restartedMain	Starting BasicServerApplication on LAPTOP-H3L9NKLJ with PID 1316 (D:\JavaWork\LearnDemo\bootsecuritybasic\bootsecuritybasic-master\basic-server\target\classes started by 11268 in D:\JavaWork\LearnDemo\bootsecuritybasic\bootsecuritybasic-master\basic-server)
2020-02-14 18:55:12.083 +0800	INFO	org.springframework.boot.SpringApplication	655	restartedMain	The following profiles are active: dev
2020-02-14 18:55:12.108 +0800	INFO	org.springframework.boot.logging.DeferredLog	225	restartedMain	Devtools property defaults active! Set 'spring.devtools.add-properties' to 'false' to disable
2020-02-14 18:55:12.108 +0800	INFO	org.springframework.boot.logging.DeferredLog	225	restartedMain	For additional web related logging consider setting the 'logging.level.web' property to 'DEBUG'
2020-02-14 18:55:12.691 +0800	WARN	org.mybatis.spring.mapper.ClassPathMapperScanner	166	restartedMain	No MyBatis mapper was found in '[com.zimug.basicserver]' package. Please check your configuration.
2020-02-14 18:55:12.903 +0800	INFO	org.springframework.context.support.PostProcessorRegistrationDelegate$BeanPostProcessorChecker	330	restartedMain	Bean 'org.springframework.transaction.annotation.ProxyTransactionManagementConfiguration' of type [org.springframework.transaction.annotation.ProxyTransactionManagementConfiguration] is not eligible for getting processed by all BeanPostProcessors (for example: not eligible for auto-proxying)
2020-02-14 18:55:13.193 +0800	INFO	org.springframework.boot.web.embedded.tomcat.TomcatWebServer	92	restartedMain	Tomcat initialized with port(s): 8888 (http)
2020-02-14 18:55:13.233 +0800	INFO	org.apache.juli.logging.DirectJDKLog	173	restartedMain	Initializing ProtocolHandler ["http-nio-8888"]
2020-02-14 18:55:13.234 +0800	INFO	org.apache.juli.logging.DirectJDKLog	173	restartedMain	Starting service [Tomcat]
2020-02-14 18:55:13.234 +0800	INFO	org.apache.juli.logging.DirectJDKLog	173	restartedMain	Starting Servlet engine: [Apache Tomcat/9.0.30]
2020-02-14 18:55:13.307 +0800	INFO	org.apache.juli.logging.DirectJDKLog	173	restartedMain	Initializing Spring embedded WebApplicationContext
2020-02-14 18:55:13.308 +0800	INFO	org.springframework.boot.web.servlet.context.ServletWebServerApplicationContext	284	restartedMain	Root WebApplicationContext: initialization completed in 1199 ms
2020-02-14 18:55:13.591 +0800	INFO	org.dozer.config.GlobalSettings	113	restartedMain	Trying to find Dozer configuration file: dozer.properties
2020-02-14 18:55:13.595 +0800	WARN	org.dozer.config.GlobalSettings	118	restartedMain	Dozer configuration file not found: dozer.properties.  Using defaults for all Dozer global properties.
2020-02-14 18:55:13.596 +0800	INFO	org.dozer.DozerInitializer	70	restartedMain	Initializing Dozer. Version: 5.4.0, Thread Name: restartedMain
2020-02-14 18:55:13.598 +0800	INFO	org.dozer.jmx.JMXPlatformImpl	66	restartedMain	Dozer JMX MBean [org.dozer.jmx:type=DozerStatisticsController] auto registered with the Platform MBean Server
2020-02-14 18:55:13.598 +0800	INFO	org.dozer.jmx.JMXPlatformImpl	66	restartedMain	Dozer JMX MBean [org.dozer.jmx:type=DozerAdminController] auto registered with the Platform MBean Server
2020-02-14 18:55:13.600 +0800	INFO	org.dozer.DozerBeanMapper	175	restartedMain	Initializing a new instance of dozer bean mapper.
2020-02-14 18:55:13.683 +0800	INFO	org.springframework.scheduling.concurrent.ExecutorConfigurationSupport	171	restartedMain	Initializing ExecutorService 'applicationTaskExecutor'
2020-02-14 18:55:13.715 +0800	INFO	org.springframework.boot.devtools.autoconfigure.OptionalLiveReloadServer	58	restartedMain	LiveReload server is running on port 35729
2020-02-14 18:55:13.736 +0800	INFO	org.springframework.boot.autoconfigure.web.servlet.WelcomePageHandlerMapping	58	restartedMain	Adding welcome page template: index
2020-02-14 18:55:14.273 +0800	INFO	org.springframework.security.web.DefaultSecurityFilterChain	43	restartedMain	Creating filter chain: Ant [pattern='/css/**'], []
2020-02-14 18:55:14.273 +0800	INFO	org.springframework.security.web.DefaultSecurityFilterChain	43	restartedMain	Creating filter chain: Ant [pattern='/fonts/**'], []
2020-02-14 18:55:14.274 +0800	INFO	org.springframework.security.web.DefaultSecurityFilterChain	43	restartedMain	Creating filter chain: Ant [pattern='/img/**'], []
2020-02-14 18:55:14.274 +0800	INFO	org.springframework.security.web.DefaultSecurityFilterChain	43	restartedMain	Creating filter chain: Ant [pattern='/js/**'], []
2020-02-14 18:55:14.301 +0800	INFO	org.springframework.security.web.DefaultSecurityFilterChain	43	restartedMain	Creating filter chain: any request, [org.springframework.security.web.context.request.async.WebAsyncManagerIntegrationFilter@570eb9fb, org.springframework.security.web.context.SecurityContextPersistenceFilter@2aa30668, org.springframework.security.web.header.HeaderWriterFilter@3131549, org.springframework.security.web.authentication.logout.LogoutFilter@49ee45d8, org.springframework.security.web.authentication.UsernamePasswordAuthenticationFilter@26a0d429, org.springframework.security.web.session.ConcurrentSessionFilter@2c4c2687, org.springframework.security.web.savedrequest.RequestCacheAwareFilter@638fb591, org.springframework.security.web.servletapi.SecurityContextHolderAwareRequestFilter@5bd4f237, org.springframework.security.web.authentication.AnonymousAuthenticationFilter@1a44265e, org.springframework.security.web.session.SessionManagementFilter@532ab32f, org.springframework.security.web.access.ExceptionTranslationFilter@29669c4f, org.springframework.security.web.access.intercept.FilterSecurityInterceptor@7633e0eb]
2020-02-14 18:55:14.340 +0800	INFO	springfox.documentation.spring.web.plugins.DocumentationPluginsBootstrapper	120	restartedMain	Context refreshed
2020-02-14 18:55:14.348 +0800	INFO	springfox.documentation.spring.web.plugins.DocumentationPluginsBootstrapper	123	restartedMain	Found 1 custom documentation plugin(s)
2020-02-14 18:55:14.356 +0800	INFO	springfox.documentation.spring.web.scanners.ApiListingReferenceScanner	41	restartedMain	Scanning for api listing references
2020-02-14 18:55:14.369 +0800	INFO	org.apache.juli.logging.DirectJDKLog	173	restartedMain	Starting ProtocolHandler ["http-nio-8888"]
2020-02-14 18:55:14.385 +0800	INFO	org.springframework.boot.web.embedded.tomcat.TomcatWebServer	204	restartedMain	Tomcat started on port(s): 8888 (http) with context path ''
2020-02-14 18:55:14.387 +0800	INFO	org.springframework.boot.StartupInfoLogger	61	restartedMain	Started BasicServerApplication in 2.595 seconds (JVM running for 3.449)
2020-02-14 18:55:45.979 +0800	INFO	org.apache.juli.logging.DirectJDKLog	173	http-nio-8888-exec-1	Initializing Spring DispatcherServlet 'dispatcherServlet'
2020-02-14 18:55:45.979 +0800	INFO	org.springframework.web.servlet.FrameworkServlet	525	http-nio-8888-exec-1	Initializing Servlet 'dispatcherServlet'
2020-02-14 18:55:45.984 +0800	INFO	org.springframework.web.servlet.FrameworkServlet	547	http-nio-8888-exec-1	Completed initialization in 4 ms
2020-02-14 18:58:51.897 +0800	INFO	org.springframework.boot.StartupInfoLogger	55	restartedMain	Starting BasicServerApplication on LAPTOP-H3L9NKLJ with PID 11104 (D:\JavaWork\LearnDemo\bootsecuritybasic\bootsecuritybasic-master\basic-server\target\classes started by 11268 in D:\JavaWork\LearnDemo\bootsecuritybasic\bootsecuritybasic-master\basic-server)
2020-02-14 18:58:51.903 +0800	INFO	org.springframework.boot.SpringApplication	655	restartedMain	The following profiles are active: dev
2020-02-14 18:58:51.931 +0800	INFO	org.springframework.boot.logging.DeferredLog	225	restartedMain	Devtools property defaults active! Set 'spring.devtools.add-properties' to 'false' to disable
2020-02-14 18:58:51.931 +0800	INFO	org.springframework.boot.logging.DeferredLog	225	restartedMain	For additional web related logging consider setting the 'logging.level.web' property to 'DEBUG'
2020-02-14 18:58:52.404 +0800	WARN	org.mybatis.spring.mapper.ClassPathMapperScanner	166	restartedMain	No MyBatis mapper was found in '[com.zimug.basicserver]' package. Please check your configuration.
2020-02-14 18:58:52.628 +0800	INFO	org.springframework.context.support.PostProcessorRegistrationDelegate$BeanPostProcessorChecker	330	restartedMain	Bean 'org.springframework.transaction.annotation.ProxyTransactionManagementConfiguration' of type [org.springframework.transaction.annotation.ProxyTransactionManagementConfiguration] is not eligible for getting processed by all BeanPostProcessors (for example: not eligible for auto-proxying)
2020-02-14 18:58:52.931 +0800	INFO	org.springframework.boot.web.embedded.tomcat.TomcatWebServer	92	restartedMain	Tomcat initialized with port(s): 8888 (http)
2020-02-14 18:58:52.937 +0800	INFO	org.apache.juli.logging.DirectJDKLog	173	restartedMain	Initializing ProtocolHandler ["http-nio-8888"]
2020-02-14 18:58:52.938 +0800	INFO	org.apache.juli.logging.DirectJDKLog	173	restartedMain	Starting service [Tomcat]
2020-02-14 18:58:52.938 +0800	INFO	org.apache.juli.logging.DirectJDKLog	173	restartedMain	Starting Servlet engine: [Apache Tomcat/9.0.30]
2020-02-14 18:58:53.009 +0800	INFO	org.apache.juli.logging.DirectJDKLog	173	restartedMain	Initializing Spring embedded WebApplicationContext
2020-02-14 18:58:53.010 +0800	INFO	org.springframework.boot.web.servlet.context.ServletWebServerApplicationContext	284	restartedMain	Root WebApplicationContext: initialization completed in 1077 ms
2020-02-14 18:58:53.278 +0800	INFO	org.dozer.config.GlobalSettings	113	restartedMain	Trying to find Dozer configuration file: dozer.properties
2020-02-14 18:58:53.282 +0800	WARN	org.dozer.config.GlobalSettings	118	restartedMain	Dozer configuration file not found: dozer.properties.  Using defaults for all Dozer global properties.
2020-02-14 18:58:53.283 +0800	INFO	org.dozer.DozerInitializer	70	restartedMain	Initializing Dozer. Version: 5.4.0, Thread Name: restartedMain
2020-02-14 18:58:53.284 +0800	INFO	org.dozer.jmx.JMXPlatformImpl	66	restartedMain	Dozer JMX MBean [org.dozer.jmx:type=DozerStatisticsController] auto registered with the Platform MBean Server
2020-02-14 18:58:53.285 +0800	INFO	org.dozer.jmx.JMXPlatformImpl	66	restartedMain	Dozer JMX MBean [org.dozer.jmx:type=DozerAdminController] auto registered with the Platform MBean Server
2020-02-14 18:58:53.287 +0800	INFO	org.dozer.DozerBeanMapper	175	restartedMain	Initializing a new instance of dozer bean mapper.
2020-02-14 18:58:53.366 +0800	INFO	org.springframework.scheduling.concurrent.ExecutorConfigurationSupport	171	restartedMain	Initializing ExecutorService 'applicationTaskExecutor'
2020-02-14 18:58:53.397 +0800	INFO	org.springframework.boot.devtools.autoconfigure.OptionalLiveReloadServer	58	restartedMain	LiveReload server is running on port 35729
2020-02-14 18:58:53.416 +0800	INFO	org.springframework.boot.autoconfigure.web.servlet.WelcomePageHandlerMapping	58	restartedMain	Adding welcome page template: index
2020-02-14 18:58:53.950 +0800	INFO	org.springframework.security.web.DefaultSecurityFilterChain	43	restartedMain	Creating filter chain: Ant [pattern='/css/**'], []
2020-02-14 18:58:53.950 +0800	INFO	org.springframework.security.web.DefaultSecurityFilterChain	43	restartedMain	Creating filter chain: Ant [pattern='/fonts/**'], []
2020-02-14 18:58:53.950 +0800	INFO	org.springframework.security.web.DefaultSecurityFilterChain	43	restartedMain	Creating filter chain: Ant [pattern='/img/**'], []
2020-02-14 18:58:53.950 +0800	INFO	org.springframework.security.web.DefaultSecurityFilterChain	43	restartedMain	Creating filter chain: Ant [pattern='/js/**'], []
2020-02-14 18:58:53.973 +0800	INFO	org.springframework.security.web.DefaultSecurityFilterChain	43	restartedMain	Creating filter chain: any request, [org.springframework.security.web.context.request.async.WebAsyncManagerIntegrationFilter@6f8bbd04, org.springframework.security.web.context.SecurityContextPersistenceFilter@73bb3f47, org.springframework.security.web.header.HeaderWriterFilter@673bbda3, org.springframework.security.web.authentication.logout.LogoutFilter@4e217c7c, org.springframework.security.web.authentication.UsernamePasswordAuthenticationFilter@6087ba6c, org.springframework.security.web.savedrequest.RequestCacheAwareFilter@5fbd8d9d, org.springframework.security.web.servletapi.SecurityContextHolderAwareRequestFilter@47b3835b, org.springframework.security.web.authentication.AnonymousAuthenticationFilter@41f45af1, org.springframework.security.web.session.SessionManagementFilter@4d32a335, org.springframework.security.web.access.ExceptionTranslationFilter@aeb028d, org.springframework.security.web.access.intercept.FilterSecurityInterceptor@2eeb8cd7]
2020-02-14 18:58:54.011 +0800	INFO	springfox.documentation.spring.web.plugins.DocumentationPluginsBootstrapper	120	restartedMain	Context refreshed
2020-02-14 18:58:54.019 +0800	INFO	springfox.documentation.spring.web.plugins.DocumentationPluginsBootstrapper	123	restartedMain	Found 1 custom documentation plugin(s)
2020-02-14 18:58:54.027 +0800	INFO	springfox.documentation.spring.web.scanners.ApiListingReferenceScanner	41	restartedMain	Scanning for api listing references
2020-02-14 18:58:54.040 +0800	INFO	org.apache.juli.logging.DirectJDKLog	173	restartedMain	Starting ProtocolHandler ["http-nio-8888"]
2020-02-14 18:58:54.055 +0800	INFO	org.springframework.boot.web.embedded.tomcat.TomcatWebServer	204	restartedMain	Tomcat started on port(s): 8888 (http) with context path ''
2020-02-14 18:58:54.057 +0800	INFO	org.springframework.boot.StartupInfoLogger	61	restartedMain	Started BasicServerApplication in 2.414 seconds (JVM running for 3.303)
2020-02-14 18:58:59.609 +0800	INFO	org.apache.juli.logging.DirectJDKLog	173	http-nio-8888-exec-1	Initializing Spring DispatcherServlet 'dispatcherServlet'
2020-02-14 18:58:59.609 +0800	INFO	org.springframework.web.servlet.FrameworkServlet	525	http-nio-8888-exec-1	Initializing Servlet 'dispatcherServlet'
2020-02-14 18:58:59.614 +0800	INFO	org.springframework.web.servlet.FrameworkServlet	547	http-nio-8888-exec-1	Completed initialization in 4 ms
2020-02-14 19:01:12.022 +0800	INFO	org.springframework.boot.StartupInfoLogger	55	restartedMain	Starting BasicServerApplication on LAPTOP-H3L9NKLJ with PID 11920 (D:\JavaWork\LearnDemo\bootsecuritybasic\bootsecuritybasic-master\basic-server\target\classes started by 11268 in D:\JavaWork\LearnDemo\bootsecuritybasic\bootsecuritybasic-master\basic-server)
2020-02-14 19:01:12.028 +0800	INFO	org.springframework.boot.SpringApplication	655	restartedMain	The following profiles are active: dev
2020-02-14 19:01:12.053 +0800	INFO	org.springframework.boot.logging.DeferredLog	225	restartedMain	Devtools property defaults active! Set 'spring.devtools.add-properties' to 'false' to disable
2020-02-14 19:01:12.053 +0800	INFO	org.springframework.boot.logging.DeferredLog	225	restartedMain	For additional web related logging consider setting the 'logging.level.web' property to 'DEBUG'
2020-02-14 19:01:12.583 +0800	WARN	org.mybatis.spring.mapper.ClassPathMapperScanner	166	restartedMain	No MyBatis mapper was found in '[com.zimug.basicserver]' package. Please check your configuration.
2020-02-14 19:01:12.813 +0800	INFO	org.springframework.context.support.PostProcessorRegistrationDelegate$BeanPostProcessorChecker	330	restartedMain	Bean 'org.springframework.transaction.annotation.ProxyTransactionManagementConfiguration' of type [org.springframework.transaction.annotation.ProxyTransactionManagementConfiguration] is not eligible for getting processed by all BeanPostProcessors (for example: not eligible for auto-proxying)
2020-02-14 19:01:13.109 +0800	INFO	org.springframework.boot.web.embedded.tomcat.TomcatWebServer	92	restartedMain	Tomcat initialized with port(s): 8888 (http)
2020-02-14 19:01:13.114 +0800	INFO	org.apache.juli.logging.DirectJDKLog	173	restartedMain	Initializing ProtocolHandler ["http-nio-8888"]
2020-02-14 19:01:13.115 +0800	INFO	org.apache.juli.logging.DirectJDKLog	173	restartedMain	Starting service [Tomcat]
2020-02-14 19:01:13.115 +0800	INFO	org.apache.juli.logging.DirectJDKLog	173	restartedMain	Starting Servlet engine: [Apache Tomcat/9.0.30]
2020-02-14 19:01:13.189 +0800	INFO	org.apache.juli.logging.DirectJDKLog	173	restartedMain	Initializing Spring embedded WebApplicationContext
2020-02-14 19:01:13.189 +0800	INFO	org.springframework.boot.web.servlet.context.ServletWebServerApplicationContext	284	restartedMain	Root WebApplicationContext: initialization completed in 1135 ms
2020-02-14 19:01:13.468 +0800	INFO	org.dozer.config.GlobalSettings	113	restartedMain	Trying to find Dozer configuration file: dozer.properties
2020-02-14 19:01:13.472 +0800	WARN	org.dozer.config.GlobalSettings	118	restartedMain	Dozer configuration file not found: dozer.properties.  Using defaults for all Dozer global properties.
2020-02-14 19:01:13.473 +0800	INFO	org.dozer.DozerInitializer	70	restartedMain	Initializing Dozer. Version: 5.4.0, Thread Name: restartedMain
2020-02-14 19:01:13.474 +0800	INFO	org.dozer.jmx.JMXPlatformImpl	66	restartedMain	Dozer JMX MBean [org.dozer.jmx:type=DozerStatisticsController] auto registered with the Platform MBean Server
2020-02-14 19:01:13.475 +0800	INFO	org.dozer.jmx.JMXPlatformImpl	66	restartedMain	Dozer JMX MBean [org.dozer.jmx:type=DozerAdminController] auto registered with the Platform MBean Server
2020-02-14 19:01:13.477 +0800	INFO	org.dozer.DozerBeanMapper	175	restartedMain	Initializing a new instance of dozer bean mapper.
2020-02-14 19:01:13.556 +0800	INFO	org.springframework.scheduling.concurrent.ExecutorConfigurationSupport	171	restartedMain	Initializing ExecutorService 'applicationTaskExecutor'
2020-02-14 19:01:13.591 +0800	INFO	org.springframework.boot.devtools.autoconfigure.OptionalLiveReloadServer	58	restartedMain	LiveReload server is running on port 35729
2020-02-14 19:01:13.622 +0800	INFO	org.springframework.boot.autoconfigure.web.servlet.WelcomePageHandlerMapping	58	restartedMain	Adding welcome page template: index
2020-02-14 19:01:14.137 +0800	INFO	org.springframework.security.web.DefaultSecurityFilterChain	43	restartedMain	Creating filter chain: Ant [pattern='/css/**'], []
2020-02-14 19:01:14.138 +0800	INFO	org.springframework.security.web.DefaultSecurityFilterChain	43	restartedMain	Creating filter chain: Ant [pattern='/fonts/**'], []
2020-02-14 19:01:14.138 +0800	INFO	org.springframework.security.web.DefaultSecurityFilterChain	43	restartedMain	Creating filter chain: Ant [pattern='/img/**'], []
2020-02-14 19:01:14.138 +0800	INFO	org.springframework.security.web.DefaultSecurityFilterChain	43	restartedMain	Creating filter chain: Ant [pattern='/js/**'], []
2020-02-14 19:01:14.163 +0800	INFO	org.springframework.security.web.DefaultSecurityFilterChain	43	restartedMain	Creating filter chain: any request, [org.springframework.security.web.context.request.async.WebAsyncManagerIntegrationFilter@657b8af4, org.springframework.security.web.context.SecurityContextPersistenceFilter@732ecabb, org.springframework.security.web.header.HeaderWriterFilter@1b81ee6a, org.springframework.security.web.authentication.logout.LogoutFilter@7d3e54b7, org.springframework.security.web.authentication.UsernamePasswordAuthenticationFilter@e417744, org.springframework.security.web.savedrequest.RequestCacheAwareFilter@65f6ae99, org.springframework.security.web.servletapi.SecurityContextHolderAwareRequestFilter@3adeefbd, org.springframework.security.web.authentication.AnonymousAuthenticationFilter@b1e1b3, org.springframework.security.web.session.SessionManagementFilter@61dc511c, org.springframework.security.web.access.ExceptionTranslationFilter@30ccd445, org.springframework.security.web.access.intercept.FilterSecurityInterceptor@45ffee3e]
2020-02-14 19:01:14.202 +0800	INFO	springfox.documentation.spring.web.plugins.DocumentationPluginsBootstrapper	120	restartedMain	Context refreshed
2020-02-14 19:01:14.211 +0800	INFO	springfox.documentation.spring.web.plugins.DocumentationPluginsBootstrapper	123	restartedMain	Found 1 custom documentation plugin(s)
2020-02-14 19:01:14.219 +0800	INFO	springfox.documentation.spring.web.scanners.ApiListingReferenceScanner	41	restartedMain	Scanning for api listing references
2020-02-14 19:01:14.240 +0800	INFO	org.apache.juli.logging.DirectJDKLog	173	restartedMain	Starting ProtocolHandler ["http-nio-8888"]
2020-02-14 19:01:14.255 +0800	INFO	org.springframework.boot.web.embedded.tomcat.TomcatWebServer	204	restartedMain	Tomcat started on port(s): 8888 (http) with context path ''
2020-02-14 19:01:14.257 +0800	INFO	org.springframework.boot.StartupInfoLogger	61	restartedMain	Started BasicServerApplication in 2.5 seconds (JVM running for 3.354)
2020-02-14 19:01:21.121 +0800	INFO	org.apache.juli.logging.DirectJDKLog	173	http-nio-8888-exec-1	Initializing Spring DispatcherServlet 'dispatcherServlet'
2020-02-14 19:01:21.122 +0800	INFO	org.springframework.web.servlet.FrameworkServlet	525	http-nio-8888-exec-1	Initializing Servlet 'dispatcherServlet'
2020-02-14 19:01:21.126 +0800	INFO	org.springframework.web.servlet.FrameworkServlet	547	http-nio-8888-exec-1	Completed initialization in 4 ms
2020-02-14 19:02:03.542 +0800	INFO	org.springframework.boot.StartupInfoLogger	55	restartedMain	Starting BasicServerApplication on LAPTOP-H3L9NKLJ with PID 18456 (D:\JavaWork\LearnDemo\bootsecuritybasic\bootsecuritybasic-master\basic-server\target\classes started by 11268 in D:\JavaWork\LearnDemo\bootsecuritybasic\bootsecuritybasic-master\basic-server)
2020-02-14 19:02:03.547 +0800	INFO	org.springframework.boot.SpringApplication	655	restartedMain	The following profiles are active: dev
2020-02-14 19:02:03.572 +0800	INFO	org.springframework.boot.logging.DeferredLog	225	restartedMain	Devtools property defaults active! Set 'spring.devtools.add-properties' to 'false' to disable
2020-02-14 19:02:03.572 +0800	INFO	org.springframework.boot.logging.DeferredLog	225	restartedMain	For additional web related logging consider setting the 'logging.level.web' property to 'DEBUG'
2020-02-14 19:02:04.049 +0800	WARN	org.mybatis.spring.mapper.ClassPathMapperScanner	166	restartedMain	No MyBatis mapper was found in '[com.zimug.basicserver]' package. Please check your configuration.
2020-02-14 19:02:04.274 +0800	INFO	org.springframework.context.support.PostProcessorRegistrationDelegate$BeanPostProcessorChecker	330	restartedMain	Bean 'org.springframework.transaction.annotation.ProxyTransactionManagementConfiguration' of type [org.springframework.transaction.annotation.ProxyTransactionManagementConfiguration] is not eligible for getting processed by all BeanPostProcessors (for example: not eligible for auto-proxying)
2020-02-14 19:02:04.572 +0800	INFO	org.springframework.boot.web.embedded.tomcat.TomcatWebServer	92	restartedMain	Tomcat initialized with port(s): 8888 (http)
2020-02-14 19:02:04.578 +0800	INFO	org.apache.juli.logging.DirectJDKLog	173	restartedMain	Initializing ProtocolHandler ["http-nio-8888"]
2020-02-14 19:02:04.578 +0800	INFO	org.apache.juli.logging.DirectJDKLog	173	restartedMain	Starting service [Tomcat]
2020-02-14 19:02:04.579 +0800	INFO	org.apache.juli.logging.DirectJDKLog	173	restartedMain	Starting Servlet engine: [Apache Tomcat/9.0.30]
2020-02-14 19:02:04.650 +0800	INFO	org.apache.juli.logging.DirectJDKLog	173	restartedMain	Initializing Spring embedded WebApplicationContext
2020-02-14 19:02:04.651 +0800	INFO	org.springframework.boot.web.servlet.context.ServletWebServerApplicationContext	284	restartedMain	Root WebApplicationContext: initialization completed in 1078 ms
2020-02-14 19:02:04.919 +0800	INFO	org.dozer.config.GlobalSettings	113	restartedMain	Trying to find Dozer configuration file: dozer.properties
2020-02-14 19:02:04.923 +0800	WARN	org.dozer.config.GlobalSettings	118	restartedMain	Dozer configuration file not found: dozer.properties.  Using defaults for all Dozer global properties.
2020-02-14 19:02:04.924 +0800	INFO	org.dozer.DozerInitializer	70	restartedMain	Initializing Dozer. Version: 5.4.0, Thread Name: restartedMain
2020-02-14 19:02:04.926 +0800	INFO	org.dozer.jmx.JMXPlatformImpl	66	restartedMain	Dozer JMX MBean [org.dozer.jmx:type=DozerStatisticsController] auto registered with the Platform MBean Server
2020-02-14 19:02:04.926 +0800	INFO	org.dozer.jmx.JMXPlatformImpl	66	restartedMain	Dozer JMX MBean [org.dozer.jmx:type=DozerAdminController] auto registered with the Platform MBean Server
2020-02-14 19:02:04.928 +0800	INFO	org.dozer.DozerBeanMapper	175	restartedMain	Initializing a new instance of dozer bean mapper.
2020-02-14 19:02:05.007 +0800	INFO	org.springframework.scheduling.concurrent.ExecutorConfigurationSupport	171	restartedMain	Initializing ExecutorService 'applicationTaskExecutor'
2020-02-14 19:02:05.038 +0800	INFO	org.springframework.boot.devtools.autoconfigure.OptionalLiveReloadServer	58	restartedMain	LiveReload server is running on port 35729
2020-02-14 19:02:05.056 +0800	INFO	org.springframework.boot.autoconfigure.web.servlet.WelcomePageHandlerMapping	58	restartedMain	Adding welcome page template: index
2020-02-14 19:02:05.579 +0800	INFO	org.springframework.security.web.DefaultSecurityFilterChain	43	restartedMain	Creating filter chain: Ant [pattern='/css/**'], []
2020-02-14 19:02:05.579 +0800	INFO	org.springframework.security.web.DefaultSecurityFilterChain	43	restartedMain	Creating filter chain: Ant [pattern='/fonts/**'], []
2020-02-14 19:02:05.579 +0800	INFO	org.springframework.security.web.DefaultSecurityFilterChain	43	restartedMain	Creating filter chain: Ant [pattern='/img/**'], []
2020-02-14 19:02:05.580 +0800	INFO	org.springframework.security.web.DefaultSecurityFilterChain	43	restartedMain	Creating filter chain: Ant [pattern='/js/**'], []
2020-02-14 19:02:05.603 +0800	INFO	org.springframework.security.web.DefaultSecurityFilterChain	43	restartedMain	Creating filter chain: any request, [org.springframework.security.web.context.request.async.WebAsyncManagerIntegrationFilter@6b24ec8a, org.springframework.security.web.context.SecurityContextPersistenceFilter@846e3c7, org.springframework.security.web.header.HeaderWriterFilter@6f8a0878, org.springframework.security.web.authentication.logout.LogoutFilter@46d6529d, org.springframework.security.web.authentication.UsernamePasswordAuthenticationFilter@2e7a0c4d, org.springframework.security.web.savedrequest.RequestCacheAwareFilter@33c8e3cc, org.springframework.security.web.servletapi.SecurityContextHolderAwareRequestFilter@43fd0e8e, org.springframework.security.web.authentication.AnonymousAuthenticationFilter@425ce00c, org.springframework.security.web.session.SessionManagementFilter@7dcfddb1, org.springframework.security.web.access.ExceptionTranslationFilter@5ad2b750, org.springframework.security.web.access.intercept.FilterSecurityInterceptor@2d2a6178]
2020-02-14 19:02:05.641 +0800	INFO	springfox.documentation.spring.web.plugins.DocumentationPluginsBootstrapper	120	restartedMain	Context refreshed
2020-02-14 19:02:05.650 +0800	INFO	springfox.documentation.spring.web.plugins.DocumentationPluginsBootstrapper	123	restartedMain	Found 1 custom documentation plugin(s)
2020-02-14 19:02:05.657 +0800	INFO	springfox.documentation.spring.web.scanners.ApiListingReferenceScanner	41	restartedMain	Scanning for api listing references
2020-02-14 19:02:05.670 +0800	INFO	org.apache.juli.logging.DirectJDKLog	173	restartedMain	Starting ProtocolHandler ["http-nio-8888"]
2020-02-14 19:02:05.684 +0800	INFO	org.springframework.boot.web.embedded.tomcat.TomcatWebServer	204	restartedMain	Tomcat started on port(s): 8888 (http) with context path ''
2020-02-14 19:02:05.687 +0800	INFO	org.springframework.boot.StartupInfoLogger	61	restartedMain	Started BasicServerApplication in 2.411 seconds (JVM running for 3.245)
2020-02-14 19:02:16.310 +0800	INFO	org.apache.juli.logging.DirectJDKLog	173	http-nio-8888-exec-1	Initializing Spring DispatcherServlet 'dispatcherServlet'
2020-02-14 19:02:16.310 +0800	INFO	org.springframework.web.servlet.FrameworkServlet	525	http-nio-8888-exec-1	Initializing Servlet 'dispatcherServlet'
2020-02-14 19:02:16.315 +0800	INFO	org.springframework.web.servlet.FrameworkServlet	547	http-nio-8888-exec-1	Completed initialization in 5 ms
2020-02-14 19:02:51.338 +0800	INFO	org.springframework.boot.StartupInfoLogger	55	restartedMain	Starting BasicServerApplication on LAPTOP-H3L9NKLJ with PID 4248 (D:\JavaWork\LearnDemo\bootsecuritybasic\bootsecuritybasic-master\basic-server\target\classes started by 11268 in D:\JavaWork\LearnDemo\bootsecuritybasic\bootsecuritybasic-master\basic-server)
2020-02-14 19:02:51.344 +0800	INFO	org.springframework.boot.SpringApplication	655	restartedMain	The following profiles are active: dev
2020-02-14 19:02:51.369 +0800	INFO	org.springframework.boot.logging.DeferredLog	225	restartedMain	Devtools property defaults active! Set 'spring.devtools.add-properties' to 'false' to disable
2020-02-14 19:02:51.370 +0800	INFO	org.springframework.boot.logging.DeferredLog	225	restartedMain	For additional web related logging consider setting the 'logging.level.web' property to 'DEBUG'
2020-02-14 19:02:51.855 +0800	WARN	org.mybatis.spring.mapper.ClassPathMapperScanner	166	restartedMain	No MyBatis mapper was found in '[com.zimug.basicserver]' package. Please check your configuration.
2020-02-14 19:02:52.081 +0800	INFO	org.springframework.context.support.PostProcessorRegistrationDelegate$BeanPostProcessorChecker	330	restartedMain	Bean 'org.springframework.transaction.annotation.ProxyTransactionManagementConfiguration' of type [org.springframework.transaction.annotation.ProxyTransactionManagementConfiguration] is not eligible for getting processed by all BeanPostProcessors (for example: not eligible for auto-proxying)
2020-02-14 19:02:52.416 +0800	INFO	org.springframework.boot.web.embedded.tomcat.TomcatWebServer	92	restartedMain	Tomcat initialized with port(s): 8888 (http)
2020-02-14 19:02:52.422 +0800	INFO	org.apache.juli.logging.DirectJDKLog	173	restartedMain	Initializing ProtocolHandler ["http-nio-8888"]
2020-02-14 19:02:52.422 +0800	INFO	org.apache.juli.logging.DirectJDKLog	173	restartedMain	Starting service [Tomcat]
2020-02-14 19:02:52.423 +0800	INFO	org.apache.juli.logging.DirectJDKLog	173	restartedMain	Starting Servlet engine: [Apache Tomcat/9.0.30]
2020-02-14 19:02:52.495 +0800	INFO	org.apache.juli.logging.DirectJDKLog	173	restartedMain	Initializing Spring embedded WebApplicationContext
2020-02-14 19:02:52.495 +0800	INFO	org.springframework.boot.web.servlet.context.ServletWebServerApplicationContext	284	restartedMain	Root WebApplicationContext: initialization completed in 1125 ms
2020-02-14 19:02:52.758 +0800	INFO	org.dozer.config.GlobalSettings	113	restartedMain	Trying to find Dozer configuration file: dozer.properties
2020-02-14 19:02:52.762 +0800	WARN	org.dozer.config.GlobalSettings	118	restartedMain	Dozer configuration file not found: dozer.properties.  Using defaults for all Dozer global properties.
2020-02-14 19:02:52.763 +0800	INFO	org.dozer.DozerInitializer	70	restartedMain	Initializing Dozer. Version: 5.4.0, Thread Name: restartedMain
2020-02-14 19:02:52.765 +0800	INFO	org.dozer.jmx.JMXPlatformImpl	66	restartedMain	Dozer JMX MBean [org.dozer.jmx:type=DozerStatisticsController] auto registered with the Platform MBean Server
2020-02-14 19:02:52.765 +0800	INFO	org.dozer.jmx.JMXPlatformImpl	66	restartedMain	Dozer JMX MBean [org.dozer.jmx:type=DozerAdminController] auto registered with the Platform MBean Server
2020-02-14 19:02:52.767 +0800	INFO	org.dozer.DozerBeanMapper	175	restartedMain	Initializing a new instance of dozer bean mapper.
2020-02-14 19:02:52.845 +0800	INFO	org.springframework.scheduling.concurrent.ExecutorConfigurationSupport	171	restartedMain	Initializing ExecutorService 'applicationTaskExecutor'
2020-02-14 19:02:52.876 +0800	INFO	org.springframework.boot.devtools.autoconfigure.OptionalLiveReloadServer	58	restartedMain	LiveReload server is running on port 35729
2020-02-14 19:02:52.895 +0800	INFO	org.springframework.boot.autoconfigure.web.servlet.WelcomePageHandlerMapping	58	restartedMain	Adding welcome page template: index
2020-02-14 19:02:53.420 +0800	INFO	org.springframework.security.web.DefaultSecurityFilterChain	43	restartedMain	Creating filter chain: Ant [pattern='/css/**'], []
2020-02-14 19:02:53.420 +0800	INFO	org.springframework.security.web.DefaultSecurityFilterChain	43	restartedMain	Creating filter chain: Ant [pattern='/fonts/**'], []
2020-02-14 19:02:53.420 +0800	INFO	org.springframework.security.web.DefaultSecurityFilterChain	43	restartedMain	Creating filter chain: Ant [pattern='/img/**'], []
2020-02-14 19:02:53.420 +0800	INFO	org.springframework.security.web.DefaultSecurityFilterChain	43	restartedMain	Creating filter chain: Ant [pattern='/js/**'], []
2020-02-14 19:02:53.448 +0800	INFO	org.springframework.security.web.DefaultSecurityFilterChain	43	restartedMain	Creating filter chain: any request, [org.springframework.security.web.context.request.async.WebAsyncManagerIntegrationFilter@6e7b2504, org.springframework.security.web.context.SecurityContextPersistenceFilter@79c60973, org.springframework.security.web.header.HeaderWriterFilter@5d659e34, org.springframework.security.web.authentication.logout.LogoutFilter@3d0893ec, org.springframework.security.web.authentication.UsernamePasswordAuthenticationFilter@3b14a88e, org.springframework.security.web.session.ConcurrentSessionFilter@11ffd623, org.springframework.security.web.savedrequest.RequestCacheAwareFilter@3c06fd2d, org.springframework.security.web.servletapi.SecurityContextHolderAwareRequestFilter@577a0a61, org.springframework.security.web.authentication.AnonymousAuthenticationFilter@12ac63db, org.springframework.security.web.session.SessionManagementFilter@38b9871e, org.springframework.security.web.access.ExceptionTranslationFilter@2a355c8d, org.springframework.security.web.access.intercept.FilterSecurityInterceptor@7fb32f7d]
2020-02-14 19:02:53.496 +0800	INFO	springfox.documentation.spring.web.plugins.DocumentationPluginsBootstrapper	120	restartedMain	Context refreshed
2020-02-14 19:02:53.504 +0800	INFO	springfox.documentation.spring.web.plugins.DocumentationPluginsBootstrapper	123	restartedMain	Found 1 custom documentation plugin(s)
2020-02-14 19:02:53.512 +0800	INFO	springfox.documentation.spring.web.scanners.ApiListingReferenceScanner	41	restartedMain	Scanning for api listing references
2020-02-14 19:02:53.525 +0800	INFO	org.apache.juli.logging.DirectJDKLog	173	restartedMain	Starting ProtocolHandler ["http-nio-8888"]
2020-02-14 19:02:53.540 +0800	INFO	org.springframework.boot.web.embedded.tomcat.TomcatWebServer	204	restartedMain	Tomcat started on port(s): 8888 (http) with context path ''
2020-02-14 19:02:53.542 +0800	INFO	org.springframework.boot.StartupInfoLogger	61	restartedMain	Started BasicServerApplication in 2.478 seconds (JVM running for 3.443)
2020-02-14 19:03:00.240 +0800	INFO	org.apache.juli.logging.DirectJDKLog	173	http-nio-8888-exec-1	Initializing Spring DispatcherServlet 'dispatcherServlet'
2020-02-14 19:03:00.240 +0800	INFO	org.springframework.web.servlet.FrameworkServlet	525	http-nio-8888-exec-1	Initializing Servlet 'dispatcherServlet'
2020-02-14 19:03:00.244 +0800	INFO	org.springframework.web.servlet.FrameworkServlet	547	http-nio-8888-exec-1	Completed initialization in 4 ms
2020-02-14 19:07:39.298 +0800	INFO	org.springframework.boot.StartupInfoLogger	55	restartedMain	Starting BasicServerApplication on LAPTOP-H3L9NKLJ with PID 15524 (D:\JavaWork\LearnDemo\bootsecuritybasic\bootsecuritybasic-master\basic-server\target\classes started by 11268 in D:\JavaWork\LearnDemo\bootsecuritybasic\bootsecuritybasic-master\basic-server)
2020-02-14 19:07:39.303 +0800	INFO	org.springframework.boot.SpringApplication	655	restartedMain	The following profiles are active: dev
2020-02-14 19:07:39.328 +0800	INFO	org.springframework.boot.logging.DeferredLog	225	restartedMain	Devtools property defaults active! Set 'spring.devtools.add-properties' to 'false' to disable
2020-02-14 19:07:39.329 +0800	INFO	org.springframework.boot.logging.DeferredLog	225	restartedMain	For additional web related logging consider setting the 'logging.level.web' property to 'DEBUG'
2020-02-14 19:07:39.788 +0800	WARN	org.mybatis.spring.mapper.ClassPathMapperScanner	166	restartedMain	No MyBatis mapper was found in '[com.springSecurityDemo.basicserver]' package. Please check your configuration.
2020-02-14 19:07:40.025 +0800	INFO	org.springframework.context.support.PostProcessorRegistrationDelegate$BeanPostProcessorChecker	330	restartedMain	Bean 'org.springframework.transaction.annotation.ProxyTransactionManagementConfiguration' of type [org.springframework.transaction.annotation.ProxyTransactionManagementConfiguration] is not eligible for getting processed by all BeanPostProcessors (for example: not eligible for auto-proxying)
2020-02-14 19:07:40.336 +0800	INFO	org.springframework.boot.web.embedded.tomcat.TomcatWebServer	92	restartedMain	Tomcat initialized with port(s): 8888 (http)
2020-02-14 19:07:40.343 +0800	INFO	org.apache.juli.logging.DirectJDKLog	173	restartedMain	Initializing ProtocolHandler ["http-nio-8888"]
2020-02-14 19:07:40.343 +0800	INFO	org.apache.juli.logging.DirectJDKLog	173	restartedMain	Starting service [Tomcat]
2020-02-14 19:07:40.344 +0800	INFO	org.apache.juli.logging.DirectJDKLog	173	restartedMain	Starting Servlet engine: [Apache Tomcat/9.0.30]
2020-02-14 19:07:40.417 +0800	INFO	org.apache.juli.logging.DirectJDKLog	173	restartedMain	Initializing Spring embedded WebApplicationContext
2020-02-14 19:07:40.418 +0800	INFO	org.springframework.boot.web.servlet.context.ServletWebServerApplicationContext	284	restartedMain	Root WebApplicationContext: initialization completed in 1089 ms
2020-02-14 19:07:40.700 +0800	INFO	org.dozer.config.GlobalSettings	113	restartedMain	Trying to find Dozer configuration file: dozer.properties
2020-02-14 19:07:40.704 +0800	WARN	org.dozer.config.GlobalSettings	118	restartedMain	Dozer configuration file not found: dozer.properties.  Using defaults for all Dozer global properties.
2020-02-14 19:07:40.705 +0800	INFO	org.dozer.DozerInitializer	70	restartedMain	Initializing Dozer. Version: 5.4.0, Thread Name: restartedMain
2020-02-14 19:07:40.707 +0800	INFO	org.dozer.jmx.JMXPlatformImpl	66	restartedMain	Dozer JMX MBean [org.dozer.jmx:type=DozerStatisticsController] auto registered with the Platform MBean Server
2020-02-14 19:07:40.707 +0800	INFO	org.dozer.jmx.JMXPlatformImpl	66	restartedMain	Dozer JMX MBean [org.dozer.jmx:type=DozerAdminController] auto registered with the Platform MBean Server
2020-02-14 19:07:40.709 +0800	INFO	org.dozer.DozerBeanMapper	175	restartedMain	Initializing a new instance of dozer bean mapper.
2020-02-14 19:07:40.792 +0800	INFO	org.springframework.scheduling.concurrent.ExecutorConfigurationSupport	171	restartedMain	Initializing ExecutorService 'applicationTaskExecutor'
2020-02-14 19:07:40.825 +0800	INFO	org.springframework.boot.devtools.autoconfigure.OptionalLiveReloadServer	58	restartedMain	LiveReload server is running on port 35729
2020-02-14 19:07:40.844 +0800	INFO	org.springframework.boot.autoconfigure.web.servlet.WelcomePageHandlerMapping	58	restartedMain	Adding welcome page template: index
2020-02-14 19:07:41.373 +0800	INFO	org.springframework.security.web.DefaultSecurityFilterChain	43	restartedMain	Creating filter chain: Ant [pattern='/css/**'], []
2020-02-14 19:07:41.374 +0800	INFO	org.springframework.security.web.DefaultSecurityFilterChain	43	restartedMain	Creating filter chain: Ant [pattern='/fonts/**'], []
2020-02-14 19:07:41.374 +0800	INFO	org.springframework.security.web.DefaultSecurityFilterChain	43	restartedMain	Creating filter chain: Ant [pattern='/img/**'], []
2020-02-14 19:07:41.374 +0800	INFO	org.springframework.security.web.DefaultSecurityFilterChain	43	restartedMain	Creating filter chain: Ant [pattern='/js/**'], []
2020-02-14 19:07:41.401 +0800	INFO	org.springframework.security.web.DefaultSecurityFilterChain	43	restartedMain	Creating filter chain: any request, [org.springframework.security.web.context.request.async.WebAsyncManagerIntegrationFilter@26a1f193, org.springframework.security.web.context.SecurityContextPersistenceFilter@76ac67b5, org.springframework.security.web.header.HeaderWriterFilter@49cdfa3e, org.springframework.security.web.authentication.logout.LogoutFilter@593a0448, org.springframework.security.web.authentication.UsernamePasswordAuthenticationFilter@6ffc7ea6, org.springframework.security.web.session.ConcurrentSessionFilter@5b1f8380, org.springframework.security.web.savedrequest.RequestCacheAwareFilter@1fc30430, org.springframework.security.web.servletapi.SecurityContextHolderAwareRequestFilter@6fa146cd, org.springframework.security.web.authentication.AnonymousAuthenticationFilter@40cd030f, org.springframework.security.web.session.SessionManagementFilter@5709df03, org.springframework.security.web.access.ExceptionTranslationFilter@4110184b, org.springframework.security.web.access.intercept.FilterSecurityInterceptor@10b3fd0a]
2020-02-14 19:07:41.447 +0800	INFO	springfox.documentation.spring.web.plugins.DocumentationPluginsBootstrapper	120	restartedMain	Context refreshed
2020-02-14 19:07:41.456 +0800	INFO	springfox.documentation.spring.web.plugins.DocumentationPluginsBootstrapper	123	restartedMain	Found 1 custom documentation plugin(s)
2020-02-14 19:07:41.463 +0800	INFO	springfox.documentation.spring.web.scanners.ApiListingReferenceScanner	41	restartedMain	Scanning for api listing references
2020-02-14 19:07:41.476 +0800	INFO	org.apache.juli.logging.DirectJDKLog	173	restartedMain	Starting ProtocolHandler ["http-nio-8888"]
2020-02-14 19:07:41.491 +0800	INFO	org.springframework.boot.web.embedded.tomcat.TomcatWebServer	204	restartedMain	Tomcat started on port(s): 8888 (http) with context path ''
2020-02-14 19:07:41.493 +0800	INFO	org.springframework.boot.StartupInfoLogger	61	restartedMain	Started BasicServerApplication in 2.456 seconds (JVM running for 3.287)
2020-02-14 19:07:44.802 +0800	INFO	org.apache.juli.logging.DirectJDKLog	173	http-nio-8888-exec-1	Initializing Spring DispatcherServlet 'dispatcherServlet'
2020-02-14 19:07:44.802 +0800	INFO	org.springframework.web.servlet.FrameworkServlet	525	http-nio-8888-exec-1	Initializing Servlet 'dispatcherServlet'
2020-02-14 19:07:44.807 +0800	INFO	org.springframework.web.servlet.FrameworkServlet	547	http-nio-8888-exec-1	Completed initialization in 5 ms
